<?xml version="1.0" encoding="UTF-8"?>
<testsuite name="test" tests="6" skipped="0" failures="0" errors="0" timestamp="2022-12-16T22:32:36" hostname="DESKTOP-K6KUU6N" time="0.038">
  <properties/>
  <testcase name="equalTest[0](car{seats=5, make='Peugeot', model='307', type='Hatchback', price='5000$', engine=Engine{cylindersNumber=4, maxPower=110, make='Peugeot', model='leon78', type='Disel'}, gearBox=GearBox{gearsNumber=5, maxSpeed=180, maxTorque=150, make='PSA', model='l789', type='Manual'}, breakingSystem=BreakingSystem{coolingType='Passive', make='Brembo', model='c589rb', type='Disk'}, wheels=Wheels{radius=16, width=300, amount=4, make='PSA', model='psu7895', type='Aluminium'}}, car{seats=5, make='Peugeot', model='307', type='Hatchback', price='5000$', engine=Engine{cylindersNumber=4, maxPower=110, make='Peugeot', model='leon78', type='Disel'}, gearBox=GearBox{gearsNumber=5, maxSpeed=180, maxTorque=150, make='PSA', model='l789', type='Manual'}, breakingSystem=BreakingSystem{coolingType='Passive', make='Brembo', model='c589rb', type='Disk'}, wheels=Wheels{radius=16, width=300, amount=4, make='PSA', model='psu7895', type='Aluminium'}}, true)" classname="test" time="0.023"/>
  <testcase name="equalTest[1](car{seats=5, make='Peugeot', model='307', type='Hatchback', price='5000$', engine=Engine{cylindersNumber=4, maxPower=110, make='Peugeot', model='leon78', type='Disel'}, gearBox=GearBox{gearsNumber=5, maxSpeed=180, maxTorque=150, make='PSA', model='l789', type='Manual'}, breakingSystem=BreakingSystem{coolingType='Passive', make='Brembo', model='c589rb', type='Disk'}, wheels=Wheels{radius=16, width=300, amount=4, make='PSA', model='psu7895', type='Aluminium'}}, bike{color='red', weight=100, make='Honda', model='CBR', type='Sport', price='8000$', engine=Engine{cylindersNumber=1, maxPower=200, make='Honda', model='mt89', type='Gas'}, gearBox=GearBox{gearsNumber=7, maxSpeed=240, maxTorque=300, make='tm', model='7789', type='Manual'}, breakingSystem=BreakingSystem{coolingType='Passive', make='Brembo', model='amt895', type='Disk'}, wheels=Wheels{radius=16, width=300, amount=2, make='rpi', model='pas895', type='Aluminium'}}, false)" classname="test" time="0.006"/>
  <testcase name="equalTest[2](bike{color='red', weight=100, make='Honda', model='CBR', type='Sport', price='8000$', engine=Engine{cylindersNumber=1, maxPower=200, make='Honda', model='mt89', type='Gas'}, gearBox=GearBox{gearsNumber=7, maxSpeed=240, maxTorque=300, make='tm', model='7789', type='Manual'}, breakingSystem=BreakingSystem{coolingType='Passive', make='Brembo', model='amt895', type='Disk'}, wheels=Wheels{radius=16, width=300, amount=2, make='rpi', model='pas895', type='Aluminium'}}, bike{color='red', weight=100, make='Honda', model='CBR', type='Sport', price='8000$', engine=Engine{cylindersNumber=1, maxPower=200, make='Honda', model='mt89', type='Gas'}, gearBox=GearBox{gearsNumber=7, maxSpeed=240, maxTorque=300, make='tm', model='7789', type='Manual'}, breakingSystem=BreakingSystem{coolingType='Passive', make='Brembo', model='amt895', type='Disk'}, wheels=Wheels{radius=16, width=300, amount=2, make='rpi', model='pas895', type='Aluminium'}}, true)" classname="test" time="0.0"/>
  <testcase name="hashEqualVechicleTest[0](car{seats=5, make='Peugeot', model='307', type='Hatchback', price='5000$', engine=Engine{cylindersNumber=4, maxPower=110, make='Peugeot', model='leon78', type='Disel'}, gearBox=GearBox{gearsNumber=5, maxSpeed=180, maxTorque=150, make='PSA', model='l789', type='Manual'}, breakingSystem=BreakingSystem{coolingType='Passive', make='Brembo', model='c589rb', type='Disk'}, wheels=Wheels{radius=16, width=300, amount=4, make='PSA', model='psu7895', type='Aluminium'}}, car{seats=5, make='Peugeot', model='307', type='Hatchback', price='5000$', engine=Engine{cylindersNumber=4, maxPower=110, make='Peugeot', model='leon78', type='Disel'}, gearBox=GearBox{gearsNumber=5, maxSpeed=180, maxTorque=150, make='PSA', model='l789', type='Manual'}, breakingSystem=BreakingSystem{coolingType='Passive', make='Brembo', model='c589rb', type='Disk'}, wheels=Wheels{radius=16, width=300, amount=4, make='PSA', model='psu7895', type='Aluminium'}})" classname="test" time="0.0"/>
  <testcase name="stringEqualVechicleTest[0](car{seats=5, make='Peugeot', model='307', type='Hatchback', price='5000$', engine=Engine{cylindersNumber=4, maxPower=110, make='Peugeot', model='leon78', type='Disel'}, gearBox=GearBox{gearsNumber=5, maxSpeed=180, maxTorque=150, make='PSA', model='l789', type='Manual'}, breakingSystem=BreakingSystem{coolingType='Passive', make='Brembo', model='c589rb', type='Disk'}, wheels=Wheels{radius=16, width=300, amount=4, make='PSA', model='psu7895', type='Aluminium'}}, car{seats=5, make='Peugeot', model='307', type='Hatchback', price='5000$', engine=Engine{cylindersNumber=4, maxPower=110, make='Peugeot', model='leon78', type='Disel'}, gearBox=GearBox{gearsNumber=5, maxSpeed=180, maxTorque=150, make='PSA', model='l789', type='Manual'}, breakingSystem=BreakingSystem{coolingType='Passive', make='Brembo', model='c589rb', type='Disk'}, wheels=Wheels{radius=16, width=300, amount=4, make='PSA', model='psu7895', type='Aluminium'}})" classname="test" time="0.0"/>
  <testcase name="stringEqualVechicleTest[1](bike{color='red', weight=100, make='Honda', model='CBR', type='Sport', price='8000$', engine=Engine{cylindersNumber=1, maxPower=200, make='Honda', model='mt89', type='Gas'}, gearBox=GearBox{gearsNumber=7, maxSpeed=240, maxTorque=300, make='tm', model='7789', type='Manual'}, breakingSystem=BreakingSystem{coolingType='Passive', make='Brembo', model='amt895', type='Disk'}, wheels=Wheels{radius=16, width=300, amount=2, make='rpi', model='pas895', type='Aluminium'}}, bike{color='red', weight=100, make='Honda', model='CBR', type='Sport', price='8000$', engine=Engine{cylindersNumber=1, maxPower=200, make='Honda', model='mt89', type='Gas'}, gearBox=GearBox{gearsNumber=7, maxSpeed=240, maxTorque=300, make='tm', model='7789', type='Manual'}, breakingSystem=BreakingSystem{coolingType='Passive', make='Brembo', model='amt895', type='Disk'}, wheels=Wheels{radius=16, width=300, amount=2, make='rpi', model='pas895', type='Aluminium'}})" classname="test" time="0.0"/>
  <system-out><![CDATA[]]></system-out>
  <system-err><![CDATA[]]></system-err>
</testsuite>
